Copyright 1986-2020 Xilinx, Inc. All Rights Reserved.
-----------------------------------------------------------------------------------------------------------------------------------------------------------------
| Tool Version : Vivado v.2020.1 (win64) Build 2902540 Wed May 27 19:54:49 MDT 2020
| Date         : Wed Mar 31 22:00:11 2021
| Host         : DESKTOP-CM3J189 running 64-bit major release  (build 9200)
| Command      : report_methodology -file Processor_methodology_drc_routed.rpt -pb Processor_methodology_drc_routed.pb -rpx Processor_methodology_drc_routed.rpx
| Design       : Processor
| Device       : xc7z020clg484-1
| Speed File   : -1
| Design State : Fully Routed
-----------------------------------------------------------------------------------------------------------------------------------------------------------------

Report Methodology

Table of Contents
-----------------
1. REPORT SUMMARY
2. REPORT DETAILS

1. REPORT SUMMARY
-----------------
            Netlist: netlist
          Floorplan: design_1
      Design limits: <entire design considered>
             Max violations: <unlimited>
             Violations found: 301
+-----------+----------+-------------------------------+------------+
| Rule      | Severity | Description                   | Violations |
+-----------+----------+-------------------------------+------------+
| TIMING-18 | Warning  | Missing input or output delay | 97         |
| TIMING-20 | Warning  | Non-clocked latch             | 204        |
+-----------+----------+-------------------------------+------------+

2. REPORT DETAILS
-----------------
TIMING-18#1 Warning
Missing input or output delay  
An input delay is missing on RESET relative to clock(s) CLK
Related violations: <none>

TIMING-18#2 Warning
Missing input or output delay  
An output delay is missing on Instr[0] relative to clock(s) CLK
Related violations: <none>

TIMING-18#3 Warning
Missing input or output delay  
An output delay is missing on Instr[10] relative to clock(s) CLK
Related violations: <none>

TIMING-18#4 Warning
Missing input or output delay  
An output delay is missing on Instr[11] relative to clock(s) CLK
Related violations: <none>

TIMING-18#5 Warning
Missing input or output delay  
An output delay is missing on Instr[12] relative to clock(s) CLK
Related violations: <none>

TIMING-18#6 Warning
Missing input or output delay  
An output delay is missing on Instr[13] relative to clock(s) CLK
Related violations: <none>

TIMING-18#7 Warning
Missing input or output delay  
An output delay is missing on Instr[14] relative to clock(s) CLK
Related violations: <none>

TIMING-18#8 Warning
Missing input or output delay  
An output delay is missing on Instr[15] relative to clock(s) CLK
Related violations: <none>

TIMING-18#9 Warning
Missing input or output delay  
An output delay is missing on Instr[16] relative to clock(s) CLK
Related violations: <none>

TIMING-18#10 Warning
Missing input or output delay  
An output delay is missing on Instr[17] relative to clock(s) CLK
Related violations: <none>

TIMING-18#11 Warning
Missing input or output delay  
An output delay is missing on Instr[18] relative to clock(s) CLK
Related violations: <none>

TIMING-18#12 Warning
Missing input or output delay  
An output delay is missing on Instr[19] relative to clock(s) CLK
Related violations: <none>

TIMING-18#13 Warning
Missing input or output delay  
An output delay is missing on Instr[1] relative to clock(s) CLK
Related violations: <none>

TIMING-18#14 Warning
Missing input or output delay  
An output delay is missing on Instr[20] relative to clock(s) CLK
Related violations: <none>

TIMING-18#15 Warning
Missing input or output delay  
An output delay is missing on Instr[21] relative to clock(s) CLK
Related violations: <none>

TIMING-18#16 Warning
Missing input or output delay  
An output delay is missing on Instr[22] relative to clock(s) CLK
Related violations: <none>

TIMING-18#17 Warning
Missing input or output delay  
An output delay is missing on Instr[23] relative to clock(s) CLK
Related violations: <none>

TIMING-18#18 Warning
Missing input or output delay  
An output delay is missing on Instr[24] relative to clock(s) CLK
Related violations: <none>

TIMING-18#19 Warning
Missing input or output delay  
An output delay is missing on Instr[25] relative to clock(s) CLK
Related violations: <none>

TIMING-18#20 Warning
Missing input or output delay  
An output delay is missing on Instr[26] relative to clock(s) CLK
Related violations: <none>

TIMING-18#21 Warning
Missing input or output delay  
An output delay is missing on Instr[27] relative to clock(s) CLK
Related violations: <none>

TIMING-18#22 Warning
Missing input or output delay  
An output delay is missing on Instr[28] relative to clock(s) CLK
Related violations: <none>

TIMING-18#23 Warning
Missing input or output delay  
An output delay is missing on Instr[29] relative to clock(s) CLK
Related violations: <none>

TIMING-18#24 Warning
Missing input or output delay  
An output delay is missing on Instr[2] relative to clock(s) CLK
Related violations: <none>

TIMING-18#25 Warning
Missing input or output delay  
An output delay is missing on Instr[30] relative to clock(s) CLK
Related violations: <none>

TIMING-18#26 Warning
Missing input or output delay  
An output delay is missing on Instr[31] relative to clock(s) CLK
Related violations: <none>

TIMING-18#27 Warning
Missing input or output delay  
An output delay is missing on Instr[3] relative to clock(s) CLK
Related violations: <none>

TIMING-18#28 Warning
Missing input or output delay  
An output delay is missing on Instr[4] relative to clock(s) CLK
Related violations: <none>

TIMING-18#29 Warning
Missing input or output delay  
An output delay is missing on Instr[5] relative to clock(s) CLK
Related violations: <none>

TIMING-18#30 Warning
Missing input or output delay  
An output delay is missing on Instr[6] relative to clock(s) CLK
Related violations: <none>

TIMING-18#31 Warning
Missing input or output delay  
An output delay is missing on Instr[7] relative to clock(s) CLK
Related violations: <none>

TIMING-18#32 Warning
Missing input or output delay  
An output delay is missing on Instr[8] relative to clock(s) CLK
Related violations: <none>

TIMING-18#33 Warning
Missing input or output delay  
An output delay is missing on Instr[9] relative to clock(s) CLK
Related violations: <none>

TIMING-18#34 Warning
Missing input or output delay  
An output delay is missing on PC[0] relative to clock(s) CLK
Related violations: <none>

TIMING-18#35 Warning
Missing input or output delay  
An output delay is missing on PC[10] relative to clock(s) CLK
Related violations: <none>

TIMING-18#36 Warning
Missing input or output delay  
An output delay is missing on PC[11] relative to clock(s) CLK
Related violations: <none>

TIMING-18#37 Warning
Missing input or output delay  
An output delay is missing on PC[12] relative to clock(s) CLK
Related violations: <none>

TIMING-18#38 Warning
Missing input or output delay  
An output delay is missing on PC[13] relative to clock(s) CLK
Related violations: <none>

TIMING-18#39 Warning
Missing input or output delay  
An output delay is missing on PC[14] relative to clock(s) CLK
Related violations: <none>

TIMING-18#40 Warning
Missing input or output delay  
An output delay is missing on PC[15] relative to clock(s) CLK
Related violations: <none>

TIMING-18#41 Warning
Missing input or output delay  
An output delay is missing on PC[16] relative to clock(s) CLK
Related violations: <none>

TIMING-18#42 Warning
Missing input or output delay  
An output delay is missing on PC[17] relative to clock(s) CLK
Related violations: <none>

TIMING-18#43 Warning
Missing input or output delay  
An output delay is missing on PC[18] relative to clock(s) CLK
Related violations: <none>

TIMING-18#44 Warning
Missing input or output delay  
An output delay is missing on PC[19] relative to clock(s) CLK
Related violations: <none>

TIMING-18#45 Warning
Missing input or output delay  
An output delay is missing on PC[1] relative to clock(s) CLK
Related violations: <none>

TIMING-18#46 Warning
Missing input or output delay  
An output delay is missing on PC[20] relative to clock(s) CLK
Related violations: <none>

TIMING-18#47 Warning
Missing input or output delay  
An output delay is missing on PC[21] relative to clock(s) CLK
Related violations: <none>

TIMING-18#48 Warning
Missing input or output delay  
An output delay is missing on PC[22] relative to clock(s) CLK
Related violations: <none>

TIMING-18#49 Warning
Missing input or output delay  
An output delay is missing on PC[23] relative to clock(s) CLK
Related violations: <none>

TIMING-18#50 Warning
Missing input or output delay  
An output delay is missing on PC[24] relative to clock(s) CLK
Related violations: <none>

TIMING-18#51 Warning
Missing input or output delay  
An output delay is missing on PC[25] relative to clock(s) CLK
Related violations: <none>

TIMING-18#52 Warning
Missing input or output delay  
An output delay is missing on PC[26] relative to clock(s) CLK
Related violations: <none>

TIMING-18#53 Warning
Missing input or output delay  
An output delay is missing on PC[27] relative to clock(s) CLK
Related violations: <none>

TIMING-18#54 Warning
Missing input or output delay  
An output delay is missing on PC[28] relative to clock(s) CLK
Related violations: <none>

TIMING-18#55 Warning
Missing input or output delay  
An output delay is missing on PC[29] relative to clock(s) CLK
Related violations: <none>

TIMING-18#56 Warning
Missing input or output delay  
An output delay is missing on PC[2] relative to clock(s) CLK
Related violations: <none>

TIMING-18#57 Warning
Missing input or output delay  
An output delay is missing on PC[30] relative to clock(s) CLK
Related violations: <none>

TIMING-18#58 Warning
Missing input or output delay  
An output delay is missing on PC[31] relative to clock(s) CLK
Related violations: <none>

TIMING-18#59 Warning
Missing input or output delay  
An output delay is missing on PC[3] relative to clock(s) CLK
Related violations: <none>

TIMING-18#60 Warning
Missing input or output delay  
An output delay is missing on PC[4] relative to clock(s) CLK
Related violations: <none>

TIMING-18#61 Warning
Missing input or output delay  
An output delay is missing on PC[5] relative to clock(s) CLK
Related violations: <none>

TIMING-18#62 Warning
Missing input or output delay  
An output delay is missing on PC[6] relative to clock(s) CLK
Related violations: <none>

TIMING-18#63 Warning
Missing input or output delay  
An output delay is missing on PC[7] relative to clock(s) CLK
Related violations: <none>

TIMING-18#64 Warning
Missing input or output delay  
An output delay is missing on PC[8] relative to clock(s) CLK
Related violations: <none>

TIMING-18#65 Warning
Missing input or output delay  
An output delay is missing on PC[9] relative to clock(s) CLK
Related violations: <none>

TIMING-18#66 Warning
Missing input or output delay  
An output delay is missing on WriteData[0] relative to clock(s) CLK
Related violations: <none>

TIMING-18#67 Warning
Missing input or output delay  
An output delay is missing on WriteData[10] relative to clock(s) CLK
Related violations: <none>

TIMING-18#68 Warning
Missing input or output delay  
An output delay is missing on WriteData[11] relative to clock(s) CLK
Related violations: <none>

TIMING-18#69 Warning
Missing input or output delay  
An output delay is missing on WriteData[12] relative to clock(s) CLK
Related violations: <none>

TIMING-18#70 Warning
Missing input or output delay  
An output delay is missing on WriteData[13] relative to clock(s) CLK
Related violations: <none>

TIMING-18#71 Warning
Missing input or output delay  
An output delay is missing on WriteData[14] relative to clock(s) CLK
Related violations: <none>

TIMING-18#72 Warning
Missing input or output delay  
An output delay is missing on WriteData[15] relative to clock(s) CLK
Related violations: <none>

TIMING-18#73 Warning
Missing input or output delay  
An output delay is missing on WriteData[16] relative to clock(s) CLK
Related violations: <none>

TIMING-18#74 Warning
Missing input or output delay  
An output delay is missing on WriteData[17] relative to clock(s) CLK
Related violations: <none>

TIMING-18#75 Warning
Missing input or output delay  
An output delay is missing on WriteData[18] relative to clock(s) CLK
Related violations: <none>

TIMING-18#76 Warning
Missing input or output delay  
An output delay is missing on WriteData[19] relative to clock(s) CLK
Related violations: <none>

TIMING-18#77 Warning
Missing input or output delay  
An output delay is missing on WriteData[1] relative to clock(s) CLK
Related violations: <none>

TIMING-18#78 Warning
Missing input or output delay  
An output delay is missing on WriteData[20] relative to clock(s) CLK
Related violations: <none>

TIMING-18#79 Warning
Missing input or output delay  
An output delay is missing on WriteData[21] relative to clock(s) CLK
Related violations: <none>

TIMING-18#80 Warning
Missing input or output delay  
An output delay is missing on WriteData[22] relative to clock(s) CLK
Related violations: <none>

TIMING-18#81 Warning
Missing input or output delay  
An output delay is missing on WriteData[23] relative to clock(s) CLK
Related violations: <none>

TIMING-18#82 Warning
Missing input or output delay  
An output delay is missing on WriteData[24] relative to clock(s) CLK
Related violations: <none>

TIMING-18#83 Warning
Missing input or output delay  
An output delay is missing on WriteData[25] relative to clock(s) CLK
Related violations: <none>

TIMING-18#84 Warning
Missing input or output delay  
An output delay is missing on WriteData[26] relative to clock(s) CLK
Related violations: <none>

TIMING-18#85 Warning
Missing input or output delay  
An output delay is missing on WriteData[27] relative to clock(s) CLK
Related violations: <none>

TIMING-18#86 Warning
Missing input or output delay  
An output delay is missing on WriteData[28] relative to clock(s) CLK
Related violations: <none>

TIMING-18#87 Warning
Missing input or output delay  
An output delay is missing on WriteData[29] relative to clock(s) CLK
Related violations: <none>

TIMING-18#88 Warning
Missing input or output delay  
An output delay is missing on WriteData[2] relative to clock(s) CLK
Related violations: <none>

TIMING-18#89 Warning
Missing input or output delay  
An output delay is missing on WriteData[30] relative to clock(s) CLK
Related violations: <none>

TIMING-18#90 Warning
Missing input or output delay  
An output delay is missing on WriteData[31] relative to clock(s) CLK
Related violations: <none>

TIMING-18#91 Warning
Missing input or output delay  
An output delay is missing on WriteData[3] relative to clock(s) CLK
Related violations: <none>

TIMING-18#92 Warning
Missing input or output delay  
An output delay is missing on WriteData[4] relative to clock(s) CLK
Related violations: <none>

TIMING-18#93 Warning
Missing input or output delay  
An output delay is missing on WriteData[5] relative to clock(s) CLK
Related violations: <none>

TIMING-18#94 Warning
Missing input or output delay  
An output delay is missing on WriteData[6] relative to clock(s) CLK
Related violations: <none>

TIMING-18#95 Warning
Missing input or output delay  
An output delay is missing on WriteData[7] relative to clock(s) CLK
Related violations: <none>

TIMING-18#96 Warning
Missing input or output delay  
An output delay is missing on WriteData[8] relative to clock(s) CLK
Related violations: <none>

TIMING-18#97 Warning
Missing input or output delay  
An output delay is missing on WriteData[9] relative to clock(s) CLK
Related violations: <none>

TIMING-20#1 Warning
Non-clocked latch  
The latch Control_instance/InstrDec_instance/flags_reg[0] cannot be properly analyzed as its control pin Control_instance/InstrDec_instance/flags_reg[0]/G is not reached by a timing clock
Related violations: <none>

TIMING-20#2 Warning
Non-clocked latch  
The latch Control_instance/InstrDec_instance/flags_reg[1] cannot be properly analyzed as its control pin Control_instance/InstrDec_instance/flags_reg[1]/G is not reached by a timing clock
Related violations: <none>

TIMING-20#3 Warning
Non-clocked latch  
The latch Control_instance/InstrDec_instance/flags_reg[2] cannot be properly analyzed as its control pin Control_instance/InstrDec_instance/flags_reg[2]/G is not reached by a timing clock
Related violations: <none>

TIMING-20#4 Warning
Non-clocked latch  
The latch Control_instance/InstrDec_instance/flags_reg[3] cannot be properly analyzed as its control pin Control_instance/InstrDec_instance/flags_reg[3]/G is not reached by a timing clock
Related violations: <none>

TIMING-20#5 Warning
Non-clocked latch  
The latch Control_instance/InstrDec_instance/flags_reg[4] cannot be properly analyzed as its control pin Control_instance/InstrDec_instance/flags_reg[4]/G is not reached by a timing clock
Related violations: <none>

TIMING-20#6 Warning
Non-clocked latch  
The latch Control_instance/InstrDec_instance/flags_reg[5] cannot be properly analyzed as its control pin Control_instance/InstrDec_instance/flags_reg[5]/G is not reached by a timing clock
Related violations: <none>

TIMING-20#7 Warning
Non-clocked latch  
The latch Control_instance/InstrDec_instance/flags_reg[6] cannot be properly analyzed as its control pin Control_instance/InstrDec_instance/flags_reg[6]/G is not reached by a timing clock
Related violations: <none>

TIMING-20#8 Warning
Non-clocked latch  
The latch Control_instance/InstrDec_instance/flags_reg[7] cannot be properly analyzed as its control pin Control_instance/InstrDec_instance/flags_reg[7]/G is not reached by a timing clock
Related violations: <none>

TIMING-20#9 Warning
Non-clocked latch  
The latch Control_instance/InstrDec_instance/flags_reg[8] cannot be properly analyzed as its control pin Control_instance/InstrDec_instance/flags_reg[8]/G is not reached by a timing clock
Related violations: <none>

TIMING-20#10 Warning
Non-clocked latch  
The latch Control_instance/InstrDec_instance/flags_reg[9] cannot be properly analyzed as its control pin Control_instance/InstrDec_instance/flags_reg[9]/G is not reached by a timing clock
Related violations: <none>

TIMING-20#11 Warning
Non-clocked latch  
The latch Datapath_instance/ALU_instance/ADD_SUB_instance/S_s_reg[0] cannot be properly analyzed as its control pin Datapath_instance/ALU_instance/ADD_SUB_instance/S_s_reg[0]/G is not reached by a timing clock
Related violations: <none>

TIMING-20#12 Warning
Non-clocked latch  
The latch Datapath_instance/ALU_instance/ADD_SUB_instance/S_s_reg[10] cannot be properly analyzed as its control pin Datapath_instance/ALU_instance/ADD_SUB_instance/S_s_reg[10]/G is not reached by a timing clock
Related violations: <none>

TIMING-20#13 Warning
Non-clocked latch  
The latch Datapath_instance/ALU_instance/ADD_SUB_instance/S_s_reg[11] cannot be properly analyzed as its control pin Datapath_instance/ALU_instance/ADD_SUB_instance/S_s_reg[11]/G is not reached by a timing clock
Related violations: <none>

TIMING-20#14 Warning
Non-clocked latch  
The latch Datapath_instance/ALU_instance/ADD_SUB_instance/S_s_reg[12] cannot be properly analyzed as its control pin Datapath_instance/ALU_instance/ADD_SUB_instance/S_s_reg[12]/G is not reached by a timing clock
Related violations: <none>

TIMING-20#15 Warning
Non-clocked latch  
The latch Datapath_instance/ALU_instance/ADD_SUB_instance/S_s_reg[13] cannot be properly analyzed as its control pin Datapath_instance/ALU_instance/ADD_SUB_instance/S_s_reg[13]/G is not reached by a timing clock
Related violations: <none>

TIMING-20#16 Warning
Non-clocked latch  
The latch Datapath_instance/ALU_instance/ADD_SUB_instance/S_s_reg[14] cannot be properly analyzed as its control pin Datapath_instance/ALU_instance/ADD_SUB_instance/S_s_reg[14]/G is not reached by a timing clock
Related violations: <none>

TIMING-20#17 Warning
Non-clocked latch  
The latch Datapath_instance/ALU_instance/ADD_SUB_instance/S_s_reg[15] cannot be properly analyzed as its control pin Datapath_instance/ALU_instance/ADD_SUB_instance/S_s_reg[15]/G is not reached by a timing clock
Related violations: <none>

TIMING-20#18 Warning
Non-clocked latch  
The latch Datapath_instance/ALU_instance/ADD_SUB_instance/S_s_reg[16] cannot be properly analyzed as its control pin Datapath_instance/ALU_instance/ADD_SUB_instance/S_s_reg[16]/G is not reached by a timing clock
Related violations: <none>

TIMING-20#19 Warning
Non-clocked latch  
The latch Datapath_instance/ALU_instance/ADD_SUB_instance/S_s_reg[17] cannot be properly analyzed as its control pin Datapath_instance/ALU_instance/ADD_SUB_instance/S_s_reg[17]/G is not reached by a timing clock
Related violations: <none>

TIMING-20#20 Warning
Non-clocked latch  
The latch Datapath_instance/ALU_instance/ADD_SUB_instance/S_s_reg[18] cannot be properly analyzed as its control pin Datapath_instance/ALU_instance/ADD_SUB_instance/S_s_reg[18]/G is not reached by a timing clock
Related violations: <none>

TIMING-20#21 Warning
Non-clocked latch  
The latch Datapath_instance/ALU_instance/ADD_SUB_instance/S_s_reg[19] cannot be properly analyzed as its control pin Datapath_instance/ALU_instance/ADD_SUB_instance/S_s_reg[19]/G is not reached by a timing clock
Related violations: <none>

TIMING-20#22 Warning
Non-clocked latch  
The latch Datapath_instance/ALU_instance/ADD_SUB_instance/S_s_reg[1] cannot be properly analyzed as its control pin Datapath_instance/ALU_instance/ADD_SUB_instance/S_s_reg[1]/G is not reached by a timing clock
Related violations: <none>

TIMING-20#23 Warning
Non-clocked latch  
The latch Datapath_instance/ALU_instance/ADD_SUB_instance/S_s_reg[20] cannot be properly analyzed as its control pin Datapath_instance/ALU_instance/ADD_SUB_instance/S_s_reg[20]/G is not reached by a timing clock
Related violations: <none>

TIMING-20#24 Warning
Non-clocked latch  
The latch Datapath_instance/ALU_instance/ADD_SUB_instance/S_s_reg[21] cannot be properly analyzed as its control pin Datapath_instance/ALU_instance/ADD_SUB_instance/S_s_reg[21]/G is not reached by a timing clock
Related violations: <none>

TIMING-20#25 Warning
Non-clocked latch  
The latch Datapath_instance/ALU_instance/ADD_SUB_instance/S_s_reg[22] cannot be properly analyzed as its control pin Datapath_instance/ALU_instance/ADD_SUB_instance/S_s_reg[22]/G is not reached by a timing clock
Related violations: <none>

TIMING-20#26 Warning
Non-clocked latch  
The latch Datapath_instance/ALU_instance/ADD_SUB_instance/S_s_reg[23] cannot be properly analyzed as its control pin Datapath_instance/ALU_instance/ADD_SUB_instance/S_s_reg[23]/G is not reached by a timing clock
Related violations: <none>

TIMING-20#27 Warning
Non-clocked latch  
The latch Datapath_instance/ALU_instance/ADD_SUB_instance/S_s_reg[24] cannot be properly analyzed as its control pin Datapath_instance/ALU_instance/ADD_SUB_instance/S_s_reg[24]/G is not reached by a timing clock
Related violations: <none>

TIMING-20#28 Warning
Non-clocked latch  
The latch Datapath_instance/ALU_instance/ADD_SUB_instance/S_s_reg[25] cannot be properly analyzed as its control pin Datapath_instance/ALU_instance/ADD_SUB_instance/S_s_reg[25]/G is not reached by a timing clock
Related violations: <none>

TIMING-20#29 Warning
Non-clocked latch  
The latch Datapath_instance/ALU_instance/ADD_SUB_instance/S_s_reg[26] cannot be properly analyzed as its control pin Datapath_instance/ALU_instance/ADD_SUB_instance/S_s_reg[26]/G is not reached by a timing clock
Related violations: <none>

TIMING-20#30 Warning
Non-clocked latch  
The latch Datapath_instance/ALU_instance/ADD_SUB_instance/S_s_reg[27] cannot be properly analyzed as its control pin Datapath_instance/ALU_instance/ADD_SUB_instance/S_s_reg[27]/G is not reached by a timing clock
Related violations: <none>

TIMING-20#31 Warning
Non-clocked latch  
The latch Datapath_instance/ALU_instance/ADD_SUB_instance/S_s_reg[28] cannot be properly analyzed as its control pin Datapath_instance/ALU_instance/ADD_SUB_instance/S_s_reg[28]/G is not reached by a timing clock
Related violations: <none>

TIMING-20#32 Warning
Non-clocked latch  
The latch Datapath_instance/ALU_instance/ADD_SUB_instance/S_s_reg[29] cannot be properly analyzed as its control pin Datapath_instance/ALU_instance/ADD_SUB_instance/S_s_reg[29]/G is not reached by a timing clock
Related violations: <none>

TIMING-20#33 Warning
Non-clocked latch  
The latch Datapath_instance/ALU_instance/ADD_SUB_instance/S_s_reg[2] cannot be properly analyzed as its control pin Datapath_instance/ALU_instance/ADD_SUB_instance/S_s_reg[2]/G is not reached by a timing clock
Related violations: <none>

TIMING-20#34 Warning
Non-clocked latch  
The latch Datapath_instance/ALU_instance/ADD_SUB_instance/S_s_reg[30] cannot be properly analyzed as its control pin Datapath_instance/ALU_instance/ADD_SUB_instance/S_s_reg[30]/G is not reached by a timing clock
Related violations: <none>

TIMING-20#35 Warning
Non-clocked latch  
The latch Datapath_instance/ALU_instance/ADD_SUB_instance/S_s_reg[31] cannot be properly analyzed as its control pin Datapath_instance/ALU_instance/ADD_SUB_instance/S_s_reg[31]/G is not reached by a timing clock
Related violations: <none>

TIMING-20#36 Warning
Non-clocked latch  
The latch Datapath_instance/ALU_instance/ADD_SUB_instance/S_s_reg[32] cannot be properly analyzed as its control pin Datapath_instance/ALU_instance/ADD_SUB_instance/S_s_reg[32]/G is not reached by a timing clock
Related violations: <none>

TIMING-20#37 Warning
Non-clocked latch  
The latch Datapath_instance/ALU_instance/ADD_SUB_instance/S_s_reg[33] cannot be properly analyzed as its control pin Datapath_instance/ALU_instance/ADD_SUB_instance/S_s_reg[33]/G is not reached by a timing clock
Related violations: <none>

TIMING-20#38 Warning
Non-clocked latch  
The latch Datapath_instance/ALU_instance/ADD_SUB_instance/S_s_reg[3] cannot be properly analyzed as its control pin Datapath_instance/ALU_instance/ADD_SUB_instance/S_s_reg[3]/G is not reached by a timing clock
Related violations: <none>

TIMING-20#39 Warning
Non-clocked latch  
The latch Datapath_instance/ALU_instance/ADD_SUB_instance/S_s_reg[4] cannot be properly analyzed as its control pin Datapath_instance/ALU_instance/ADD_SUB_instance/S_s_reg[4]/G is not reached by a timing clock
Related violations: <none>

TIMING-20#40 Warning
Non-clocked latch  
The latch Datapath_instance/ALU_instance/ADD_SUB_instance/S_s_reg[5] cannot be properly analyzed as its control pin Datapath_instance/ALU_instance/ADD_SUB_instance/S_s_reg[5]/G is not reached by a timing clock
Related violations: <none>

TIMING-20#41 Warning
Non-clocked latch  
The latch Datapath_instance/ALU_instance/ADD_SUB_instance/S_s_reg[6] cannot be properly analyzed as its control pin Datapath_instance/ALU_instance/ADD_SUB_instance/S_s_reg[6]/G is not reached by a timing clock
Related violations: <none>

TIMING-20#42 Warning
Non-clocked latch  
The latch Datapath_instance/ALU_instance/ADD_SUB_instance/S_s_reg[7] cannot be properly analyzed as its control pin Datapath_instance/ALU_instance/ADD_SUB_instance/S_s_reg[7]/G is not reached by a timing clock
Related violations: <none>

TIMING-20#43 Warning
Non-clocked latch  
The latch Datapath_instance/ALU_instance/ADD_SUB_instance/S_s_reg[8] cannot be properly analyzed as its control pin Datapath_instance/ALU_instance/ADD_SUB_instance/S_s_reg[8]/G is not reached by a timing clock
Related violations: <none>

TIMING-20#44 Warning
Non-clocked latch  
The latch Datapath_instance/ALU_instance/ADD_SUB_instance/S_s_reg[9] cannot be properly analyzed as its control pin Datapath_instance/ALU_instance/ADD_SUB_instance/S_s_reg[9]/G is not reached by a timing clock
Related violations: <none>

TIMING-20#45 Warning
Non-clocked latch  
The latch Datapath_instance/ALU_instance/AND_XOR_instance/AND_XOR_result_reg[0] cannot be properly analyzed as its control pin Datapath_instance/ALU_instance/AND_XOR_instance/AND_XOR_result_reg[0]/G is not reached by a timing clock
Related violations: <none>

TIMING-20#46 Warning
Non-clocked latch  
The latch Datapath_instance/ALU_instance/AND_XOR_instance/AND_XOR_result_reg[10] cannot be properly analyzed as its control pin Datapath_instance/ALU_instance/AND_XOR_instance/AND_XOR_result_reg[10]/G is not reached by a timing clock
Related violations: <none>

TIMING-20#47 Warning
Non-clocked latch  
The latch Datapath_instance/ALU_instance/AND_XOR_instance/AND_XOR_result_reg[11] cannot be properly analyzed as its control pin Datapath_instance/ALU_instance/AND_XOR_instance/AND_XOR_result_reg[11]/G is not reached by a timing clock
Related violations: <none>

TIMING-20#48 Warning
Non-clocked latch  
The latch Datapath_instance/ALU_instance/AND_XOR_instance/AND_XOR_result_reg[12] cannot be properly analyzed as its control pin Datapath_instance/ALU_instance/AND_XOR_instance/AND_XOR_result_reg[12]/G is not reached by a timing clock
Related violations: <none>

TIMING-20#49 Warning
Non-clocked latch  
The latch Datapath_instance/ALU_instance/AND_XOR_instance/AND_XOR_result_reg[13] cannot be properly analyzed as its control pin Datapath_instance/ALU_instance/AND_XOR_instance/AND_XOR_result_reg[13]/G is not reached by a timing clock
Related violations: <none>

TIMING-20#50 Warning
Non-clocked latch  
The latch Datapath_instance/ALU_instance/AND_XOR_instance/AND_XOR_result_reg[14] cannot be properly analyzed as its control pin Datapath_instance/ALU_instance/AND_XOR_instance/AND_XOR_result_reg[14]/G is not reached by a timing clock
Related violations: <none>

TIMING-20#51 Warning
Non-clocked latch  
The latch Datapath_instance/ALU_instance/AND_XOR_instance/AND_XOR_result_reg[15] cannot be properly analyzed as its control pin Datapath_instance/ALU_instance/AND_XOR_instance/AND_XOR_result_reg[15]/G is not reached by a timing clock
Related violations: <none>

TIMING-20#52 Warning
Non-clocked latch  
The latch Datapath_instance/ALU_instance/AND_XOR_instance/AND_XOR_result_reg[16] cannot be properly analyzed as its control pin Datapath_instance/ALU_instance/AND_XOR_instance/AND_XOR_result_reg[16]/G is not reached by a timing clock
Related violations: <none>

TIMING-20#53 Warning
Non-clocked latch  
The latch Datapath_instance/ALU_instance/AND_XOR_instance/AND_XOR_result_reg[17] cannot be properly analyzed as its control pin Datapath_instance/ALU_instance/AND_XOR_instance/AND_XOR_result_reg[17]/G is not reached by a timing clock
Related violations: <none>

TIMING-20#54 Warning
Non-clocked latch  
The latch Datapath_instance/ALU_instance/AND_XOR_instance/AND_XOR_result_reg[18] cannot be properly analyzed as its control pin Datapath_instance/ALU_instance/AND_XOR_instance/AND_XOR_result_reg[18]/G is not reached by a timing clock
Related violations: <none>

TIMING-20#55 Warning
Non-clocked latch  
The latch Datapath_instance/ALU_instance/AND_XOR_instance/AND_XOR_result_reg[19] cannot be properly analyzed as its control pin Datapath_instance/ALU_instance/AND_XOR_instance/AND_XOR_result_reg[19]/G is not reached by a timing clock
Related violations: <none>

TIMING-20#56 Warning
Non-clocked latch  
The latch Datapath_instance/ALU_instance/AND_XOR_instance/AND_XOR_result_reg[1] cannot be properly analyzed as its control pin Datapath_instance/ALU_instance/AND_XOR_instance/AND_XOR_result_reg[1]/G is not reached by a timing clock
Related violations: <none>

TIMING-20#57 Warning
Non-clocked latch  
The latch Datapath_instance/ALU_instance/AND_XOR_instance/AND_XOR_result_reg[20] cannot be properly analyzed as its control pin Datapath_instance/ALU_instance/AND_XOR_instance/AND_XOR_result_reg[20]/G is not reached by a timing clock
Related violations: <none>

TIMING-20#58 Warning
Non-clocked latch  
The latch Datapath_instance/ALU_instance/AND_XOR_instance/AND_XOR_result_reg[21] cannot be properly analyzed as its control pin Datapath_instance/ALU_instance/AND_XOR_instance/AND_XOR_result_reg[21]/G is not reached by a timing clock
Related violations: <none>

TIMING-20#59 Warning
Non-clocked latch  
The latch Datapath_instance/ALU_instance/AND_XOR_instance/AND_XOR_result_reg[22] cannot be properly analyzed as its control pin Datapath_instance/ALU_instance/AND_XOR_instance/AND_XOR_result_reg[22]/G is not reached by a timing clock
Related violations: <none>

TIMING-20#60 Warning
Non-clocked latch  
The latch Datapath_instance/ALU_instance/AND_XOR_instance/AND_XOR_result_reg[23] cannot be properly analyzed as its control pin Datapath_instance/ALU_instance/AND_XOR_instance/AND_XOR_result_reg[23]/G is not reached by a timing clock
Related violations: <none>

TIMING-20#61 Warning
Non-clocked latch  
The latch Datapath_instance/ALU_instance/AND_XOR_instance/AND_XOR_result_reg[24] cannot be properly analyzed as its control pin Datapath_instance/ALU_instance/AND_XOR_instance/AND_XOR_result_reg[24]/G is not reached by a timing clock
Related violations: <none>

TIMING-20#62 Warning
Non-clocked latch  
The latch Datapath_instance/ALU_instance/AND_XOR_instance/AND_XOR_result_reg[25] cannot be properly analyzed as its control pin Datapath_instance/ALU_instance/AND_XOR_instance/AND_XOR_result_reg[25]/G is not reached by a timing clock
Related violations: <none>

TIMING-20#63 Warning
Non-clocked latch  
The latch Datapath_instance/ALU_instance/AND_XOR_instance/AND_XOR_result_reg[26] cannot be properly analyzed as its control pin Datapath_instance/ALU_instance/AND_XOR_instance/AND_XOR_result_reg[26]/G is not reached by a timing clock
Related violations: <none>

TIMING-20#64 Warning
Non-clocked latch  
The latch Datapath_instance/ALU_instance/AND_XOR_instance/AND_XOR_result_reg[27] cannot be properly analyzed as its control pin Datapath_instance/ALU_instance/AND_XOR_instance/AND_XOR_result_reg[27]/G is not reached by a timing clock
Related violations: <none>

TIMING-20#65 Warning
Non-clocked latch  
The latch Datapath_instance/ALU_instance/AND_XOR_instance/AND_XOR_result_reg[28] cannot be properly analyzed as its control pin Datapath_instance/ALU_instance/AND_XOR_instance/AND_XOR_result_reg[28]/G is not reached by a timing clock
Related violations: <none>

TIMING-20#66 Warning
Non-clocked latch  
The latch Datapath_instance/ALU_instance/AND_XOR_instance/AND_XOR_result_reg[29] cannot be properly analyzed as its control pin Datapath_instance/ALU_instance/AND_XOR_instance/AND_XOR_result_reg[29]/G is not reached by a timing clock
Related violations: <none>

TIMING-20#67 Warning
Non-clocked latch  
The latch Datapath_instance/ALU_instance/AND_XOR_instance/AND_XOR_result_reg[2] cannot be properly analyzed as its control pin Datapath_instance/ALU_instance/AND_XOR_instance/AND_XOR_result_reg[2]/G is not reached by a timing clock
Related violations: <none>

TIMING-20#68 Warning
Non-clocked latch  
The latch Datapath_instance/ALU_instance/AND_XOR_instance/AND_XOR_result_reg[30] cannot be properly analyzed as its control pin Datapath_instance/ALU_instance/AND_XOR_instance/AND_XOR_result_reg[30]/G is not reached by a timing clock
Related violations: <none>

TIMING-20#69 Warning
Non-clocked latch  
The latch Datapath_instance/ALU_instance/AND_XOR_instance/AND_XOR_result_reg[31] cannot be properly analyzed as its control pin Datapath_instance/ALU_instance/AND_XOR_instance/AND_XOR_result_reg[31]/G is not reached by a timing clock
Related violations: <none>

TIMING-20#70 Warning
Non-clocked latch  
The latch Datapath_instance/ALU_instance/AND_XOR_instance/AND_XOR_result_reg[3] cannot be properly analyzed as its control pin Datapath_instance/ALU_instance/AND_XOR_instance/AND_XOR_result_reg[3]/G is not reached by a timing clock
Related violations: <none>

TIMING-20#71 Warning
Non-clocked latch  
The latch Datapath_instance/ALU_instance/AND_XOR_instance/AND_XOR_result_reg[4] cannot be properly analyzed as its control pin Datapath_instance/ALU_instance/AND_XOR_instance/AND_XOR_result_reg[4]/G is not reached by a timing clock
Related violations: <none>

TIMING-20#72 Warning
Non-clocked latch  
The latch Datapath_instance/ALU_instance/AND_XOR_instance/AND_XOR_result_reg[5] cannot be properly analyzed as its control pin Datapath_instance/ALU_instance/AND_XOR_instance/AND_XOR_result_reg[5]/G is not reached by a timing clock
Related violations: <none>

TIMING-20#73 Warning
Non-clocked latch  
The latch Datapath_instance/ALU_instance/AND_XOR_instance/AND_XOR_result_reg[6] cannot be properly analyzed as its control pin Datapath_instance/ALU_instance/AND_XOR_instance/AND_XOR_result_reg[6]/G is not reached by a timing clock
Related violations: <none>

TIMING-20#74 Warning
Non-clocked latch  
The latch Datapath_instance/ALU_instance/AND_XOR_instance/AND_XOR_result_reg[7] cannot be properly analyzed as its control pin Datapath_instance/ALU_instance/AND_XOR_instance/AND_XOR_result_reg[7]/G is not reached by a timing clock
Related violations: <none>

TIMING-20#75 Warning
Non-clocked latch  
The latch Datapath_instance/ALU_instance/AND_XOR_instance/AND_XOR_result_reg[8] cannot be properly analyzed as its control pin Datapath_instance/ALU_instance/AND_XOR_instance/AND_XOR_result_reg[8]/G is not reached by a timing clock
Related violations: <none>

TIMING-20#76 Warning
Non-clocked latch  
The latch Datapath_instance/ALU_instance/AND_XOR_instance/AND_XOR_result_reg[9] cannot be properly analyzed as its control pin Datapath_instance/ALU_instance/AND_XOR_instance/AND_XOR_result_reg[9]/G is not reached by a timing clock
Related violations: <none>

TIMING-20#77 Warning
Non-clocked latch  
The latch Datapath_instance/ALU_instance/LSL_ASR_instance/LSL_ASR_result_reg[0] cannot be properly analyzed as its control pin Datapath_instance/ALU_instance/LSL_ASR_instance/LSL_ASR_result_reg[0]/G is not reached by a timing clock
Related violations: <none>

TIMING-20#78 Warning
Non-clocked latch  
The latch Datapath_instance/ALU_instance/LSL_ASR_instance/LSL_ASR_result_reg[10] cannot be properly analyzed as its control pin Datapath_instance/ALU_instance/LSL_ASR_instance/LSL_ASR_result_reg[10]/G is not reached by a timing clock
Related violations: <none>

TIMING-20#79 Warning
Non-clocked latch  
The latch Datapath_instance/ALU_instance/LSL_ASR_instance/LSL_ASR_result_reg[11] cannot be properly analyzed as its control pin Datapath_instance/ALU_instance/LSL_ASR_instance/LSL_ASR_result_reg[11]/G is not reached by a timing clock
Related violations: <none>

TIMING-20#80 Warning
Non-clocked latch  
The latch Datapath_instance/ALU_instance/LSL_ASR_instance/LSL_ASR_result_reg[12] cannot be properly analyzed as its control pin Datapath_instance/ALU_instance/LSL_ASR_instance/LSL_ASR_result_reg[12]/G is not reached by a timing clock
Related violations: <none>

TIMING-20#81 Warning
Non-clocked latch  
The latch Datapath_instance/ALU_instance/LSL_ASR_instance/LSL_ASR_result_reg[13] cannot be properly analyzed as its control pin Datapath_instance/ALU_instance/LSL_ASR_instance/LSL_ASR_result_reg[13]/G is not reached by a timing clock
Related violations: <none>

TIMING-20#82 Warning
Non-clocked latch  
The latch Datapath_instance/ALU_instance/LSL_ASR_instance/LSL_ASR_result_reg[14] cannot be properly analyzed as its control pin Datapath_instance/ALU_instance/LSL_ASR_instance/LSL_ASR_result_reg[14]/G is not reached by a timing clock
Related violations: <none>

TIMING-20#83 Warning
Non-clocked latch  
The latch Datapath_instance/ALU_instance/LSL_ASR_instance/LSL_ASR_result_reg[15] cannot be properly analyzed as its control pin Datapath_instance/ALU_instance/LSL_ASR_instance/LSL_ASR_result_reg[15]/G is not reached by a timing clock
Related violations: <none>

TIMING-20#84 Warning
Non-clocked latch  
The latch Datapath_instance/ALU_instance/LSL_ASR_instance/LSL_ASR_result_reg[16] cannot be properly analyzed as its control pin Datapath_instance/ALU_instance/LSL_ASR_instance/LSL_ASR_result_reg[16]/G is not reached by a timing clock
Related violations: <none>

TIMING-20#85 Warning
Non-clocked latch  
The latch Datapath_instance/ALU_instance/LSL_ASR_instance/LSL_ASR_result_reg[17] cannot be properly analyzed as its control pin Datapath_instance/ALU_instance/LSL_ASR_instance/LSL_ASR_result_reg[17]/G is not reached by a timing clock
Related violations: <none>

TIMING-20#86 Warning
Non-clocked latch  
The latch Datapath_instance/ALU_instance/LSL_ASR_instance/LSL_ASR_result_reg[18] cannot be properly analyzed as its control pin Datapath_instance/ALU_instance/LSL_ASR_instance/LSL_ASR_result_reg[18]/G is not reached by a timing clock
Related violations: <none>

TIMING-20#87 Warning
Non-clocked latch  
The latch Datapath_instance/ALU_instance/LSL_ASR_instance/LSL_ASR_result_reg[19] cannot be properly analyzed as its control pin Datapath_instance/ALU_instance/LSL_ASR_instance/LSL_ASR_result_reg[19]/G is not reached by a timing clock
Related violations: <none>

TIMING-20#88 Warning
Non-clocked latch  
The latch Datapath_instance/ALU_instance/LSL_ASR_instance/LSL_ASR_result_reg[1] cannot be properly analyzed as its control pin Datapath_instance/ALU_instance/LSL_ASR_instance/LSL_ASR_result_reg[1]/G is not reached by a timing clock
Related violations: <none>

TIMING-20#89 Warning
Non-clocked latch  
The latch Datapath_instance/ALU_instance/LSL_ASR_instance/LSL_ASR_result_reg[20] cannot be properly analyzed as its control pin Datapath_instance/ALU_instance/LSL_ASR_instance/LSL_ASR_result_reg[20]/G is not reached by a timing clock
Related violations: <none>

TIMING-20#90 Warning
Non-clocked latch  
The latch Datapath_instance/ALU_instance/LSL_ASR_instance/LSL_ASR_result_reg[21] cannot be properly analyzed as its control pin Datapath_instance/ALU_instance/LSL_ASR_instance/LSL_ASR_result_reg[21]/G is not reached by a timing clock
Related violations: <none>

TIMING-20#91 Warning
Non-clocked latch  
The latch Datapath_instance/ALU_instance/LSL_ASR_instance/LSL_ASR_result_reg[22] cannot be properly analyzed as its control pin Datapath_instance/ALU_instance/LSL_ASR_instance/LSL_ASR_result_reg[22]/G is not reached by a timing clock
Related violations: <none>

TIMING-20#92 Warning
Non-clocked latch  
The latch Datapath_instance/ALU_instance/LSL_ASR_instance/LSL_ASR_result_reg[23] cannot be properly analyzed as its control pin Datapath_instance/ALU_instance/LSL_ASR_instance/LSL_ASR_result_reg[23]/G is not reached by a timing clock
Related violations: <none>

TIMING-20#93 Warning
Non-clocked latch  
The latch Datapath_instance/ALU_instance/LSL_ASR_instance/LSL_ASR_result_reg[24] cannot be properly analyzed as its control pin Datapath_instance/ALU_instance/LSL_ASR_instance/LSL_ASR_result_reg[24]/G is not reached by a timing clock
Related violations: <none>

TIMING-20#94 Warning
Non-clocked latch  
The latch Datapath_instance/ALU_instance/LSL_ASR_instance/LSL_ASR_result_reg[25] cannot be properly analyzed as its control pin Datapath_instance/ALU_instance/LSL_ASR_instance/LSL_ASR_result_reg[25]/G is not reached by a timing clock
Related violations: <none>

TIMING-20#95 Warning
Non-clocked latch  
The latch Datapath_instance/ALU_instance/LSL_ASR_instance/LSL_ASR_result_reg[26] cannot be properly analyzed as its control pin Datapath_instance/ALU_instance/LSL_ASR_instance/LSL_ASR_result_reg[26]/G is not reached by a timing clock
Related violations: <none>

TIMING-20#96 Warning
Non-clocked latch  
The latch Datapath_instance/ALU_instance/LSL_ASR_instance/LSL_ASR_result_reg[27] cannot be properly analyzed as its control pin Datapath_instance/ALU_instance/LSL_ASR_instance/LSL_ASR_result_reg[27]/G is not reached by a timing clock
Related violations: <none>

TIMING-20#97 Warning
Non-clocked latch  
The latch Datapath_instance/ALU_instance/LSL_ASR_instance/LSL_ASR_result_reg[28] cannot be properly analyzed as its control pin Datapath_instance/ALU_instance/LSL_ASR_instance/LSL_ASR_result_reg[28]/G is not reached by a timing clock
Related violations: <none>

TIMING-20#98 Warning
Non-clocked latch  
The latch Datapath_instance/ALU_instance/LSL_ASR_instance/LSL_ASR_result_reg[29] cannot be properly analyzed as its control pin Datapath_instance/ALU_instance/LSL_ASR_instance/LSL_ASR_result_reg[29]/G is not reached by a timing clock
Related violations: <none>

TIMING-20#99 Warning
Non-clocked latch  
The latch Datapath_instance/ALU_instance/LSL_ASR_instance/LSL_ASR_result_reg[2] cannot be properly analyzed as its control pin Datapath_instance/ALU_instance/LSL_ASR_instance/LSL_ASR_result_reg[2]/G is not reached by a timing clock
Related violations: <none>

TIMING-20#100 Warning
Non-clocked latch  
The latch Datapath_instance/ALU_instance/LSL_ASR_instance/LSL_ASR_result_reg[30] cannot be properly analyzed as its control pin Datapath_instance/ALU_instance/LSL_ASR_instance/LSL_ASR_result_reg[30]/G is not reached by a timing clock
Related violations: <none>

TIMING-20#101 Warning
Non-clocked latch  
The latch Datapath_instance/ALU_instance/LSL_ASR_instance/LSL_ASR_result_reg[31] cannot be properly analyzed as its control pin Datapath_instance/ALU_instance/LSL_ASR_instance/LSL_ASR_result_reg[31]/G is not reached by a timing clock
Related violations: <none>

TIMING-20#102 Warning
Non-clocked latch  
The latch Datapath_instance/ALU_instance/LSL_ASR_instance/LSL_ASR_result_reg[3] cannot be properly analyzed as its control pin Datapath_instance/ALU_instance/LSL_ASR_instance/LSL_ASR_result_reg[3]/G is not reached by a timing clock
Related violations: <none>

TIMING-20#103 Warning
Non-clocked latch  
The latch Datapath_instance/ALU_instance/LSL_ASR_instance/LSL_ASR_result_reg[4] cannot be properly analyzed as its control pin Datapath_instance/ALU_instance/LSL_ASR_instance/LSL_ASR_result_reg[4]/G is not reached by a timing clock
Related violations: <none>

TIMING-20#104 Warning
Non-clocked latch  
The latch Datapath_instance/ALU_instance/LSL_ASR_instance/LSL_ASR_result_reg[5] cannot be properly analyzed as its control pin Datapath_instance/ALU_instance/LSL_ASR_instance/LSL_ASR_result_reg[5]/G is not reached by a timing clock
Related violations: <none>

TIMING-20#105 Warning
Non-clocked latch  
The latch Datapath_instance/ALU_instance/LSL_ASR_instance/LSL_ASR_result_reg[6] cannot be properly analyzed as its control pin Datapath_instance/ALU_instance/LSL_ASR_instance/LSL_ASR_result_reg[6]/G is not reached by a timing clock
Related violations: <none>

TIMING-20#106 Warning
Non-clocked latch  
The latch Datapath_instance/ALU_instance/LSL_ASR_instance/LSL_ASR_result_reg[7] cannot be properly analyzed as its control pin Datapath_instance/ALU_instance/LSL_ASR_instance/LSL_ASR_result_reg[7]/G is not reached by a timing clock
Related violations: <none>

TIMING-20#107 Warning
Non-clocked latch  
The latch Datapath_instance/ALU_instance/LSL_ASR_instance/LSL_ASR_result_reg[8] cannot be properly analyzed as its control pin Datapath_instance/ALU_instance/LSL_ASR_instance/LSL_ASR_result_reg[8]/G is not reached by a timing clock
Related violations: <none>

TIMING-20#108 Warning
Non-clocked latch  
The latch Datapath_instance/ALU_instance/LSL_ASR_instance/LSL_ASR_result_reg[9] cannot be properly analyzed as its control pin Datapath_instance/ALU_instance/LSL_ASR_instance/LSL_ASR_result_reg[9]/G is not reached by a timing clock
Related violations: <none>

TIMING-20#109 Warning
Non-clocked latch  
The latch Datapath_instance/ALU_instance/MOV_MVN_instance/MOV_MVN_result_reg[0] cannot be properly analyzed as its control pin Datapath_instance/ALU_instance/MOV_MVN_instance/MOV_MVN_result_reg[0]/G is not reached by a timing clock
Related violations: <none>

TIMING-20#110 Warning
Non-clocked latch  
The latch Datapath_instance/ALU_instance/MOV_MVN_instance/MOV_MVN_result_reg[10] cannot be properly analyzed as its control pin Datapath_instance/ALU_instance/MOV_MVN_instance/MOV_MVN_result_reg[10]/G is not reached by a timing clock
Related violations: <none>

TIMING-20#111 Warning
Non-clocked latch  
The latch Datapath_instance/ALU_instance/MOV_MVN_instance/MOV_MVN_result_reg[11] cannot be properly analyzed as its control pin Datapath_instance/ALU_instance/MOV_MVN_instance/MOV_MVN_result_reg[11]/G is not reached by a timing clock
Related violations: <none>

TIMING-20#112 Warning
Non-clocked latch  
The latch Datapath_instance/ALU_instance/MOV_MVN_instance/MOV_MVN_result_reg[12] cannot be properly analyzed as its control pin Datapath_instance/ALU_instance/MOV_MVN_instance/MOV_MVN_result_reg[12]/G is not reached by a timing clock
Related violations: <none>

TIMING-20#113 Warning
Non-clocked latch  
The latch Datapath_instance/ALU_instance/MOV_MVN_instance/MOV_MVN_result_reg[13] cannot be properly analyzed as its control pin Datapath_instance/ALU_instance/MOV_MVN_instance/MOV_MVN_result_reg[13]/G is not reached by a timing clock
Related violations: <none>

TIMING-20#114 Warning
Non-clocked latch  
The latch Datapath_instance/ALU_instance/MOV_MVN_instance/MOV_MVN_result_reg[14] cannot be properly analyzed as its control pin Datapath_instance/ALU_instance/MOV_MVN_instance/MOV_MVN_result_reg[14]/G is not reached by a timing clock
Related violations: <none>

TIMING-20#115 Warning
Non-clocked latch  
The latch Datapath_instance/ALU_instance/MOV_MVN_instance/MOV_MVN_result_reg[15] cannot be properly analyzed as its control pin Datapath_instance/ALU_instance/MOV_MVN_instance/MOV_MVN_result_reg[15]/G is not reached by a timing clock
Related violations: <none>

TIMING-20#116 Warning
Non-clocked latch  
The latch Datapath_instance/ALU_instance/MOV_MVN_instance/MOV_MVN_result_reg[16] cannot be properly analyzed as its control pin Datapath_instance/ALU_instance/MOV_MVN_instance/MOV_MVN_result_reg[16]/G is not reached by a timing clock
Related violations: <none>

TIMING-20#117 Warning
Non-clocked latch  
The latch Datapath_instance/ALU_instance/MOV_MVN_instance/MOV_MVN_result_reg[17] cannot be properly analyzed as its control pin Datapath_instance/ALU_instance/MOV_MVN_instance/MOV_MVN_result_reg[17]/G is not reached by a timing clock
Related violations: <none>

TIMING-20#118 Warning
Non-clocked latch  
The latch Datapath_instance/ALU_instance/MOV_MVN_instance/MOV_MVN_result_reg[18] cannot be properly analyzed as its control pin Datapath_instance/ALU_instance/MOV_MVN_instance/MOV_MVN_result_reg[18]/G is not reached by a timing clock
Related violations: <none>

TIMING-20#119 Warning
Non-clocked latch  
The latch Datapath_instance/ALU_instance/MOV_MVN_instance/MOV_MVN_result_reg[19] cannot be properly analyzed as its control pin Datapath_instance/ALU_instance/MOV_MVN_instance/MOV_MVN_result_reg[19]/G is not reached by a timing clock
Related violations: <none>

TIMING-20#120 Warning
Non-clocked latch  
The latch Datapath_instance/ALU_instance/MOV_MVN_instance/MOV_MVN_result_reg[1] cannot be properly analyzed as its control pin Datapath_instance/ALU_instance/MOV_MVN_instance/MOV_MVN_result_reg[1]/G is not reached by a timing clock
Related violations: <none>

TIMING-20#121 Warning
Non-clocked latch  
The latch Datapath_instance/ALU_instance/MOV_MVN_instance/MOV_MVN_result_reg[20] cannot be properly analyzed as its control pin Datapath_instance/ALU_instance/MOV_MVN_instance/MOV_MVN_result_reg[20]/G is not reached by a timing clock
Related violations: <none>

TIMING-20#122 Warning
Non-clocked latch  
The latch Datapath_instance/ALU_instance/MOV_MVN_instance/MOV_MVN_result_reg[21] cannot be properly analyzed as its control pin Datapath_instance/ALU_instance/MOV_MVN_instance/MOV_MVN_result_reg[21]/G is not reached by a timing clock
Related violations: <none>

TIMING-20#123 Warning
Non-clocked latch  
The latch Datapath_instance/ALU_instance/MOV_MVN_instance/MOV_MVN_result_reg[22] cannot be properly analyzed as its control pin Datapath_instance/ALU_instance/MOV_MVN_instance/MOV_MVN_result_reg[22]/G is not reached by a timing clock
Related violations: <none>

TIMING-20#124 Warning
Non-clocked latch  
The latch Datapath_instance/ALU_instance/MOV_MVN_instance/MOV_MVN_result_reg[23] cannot be properly analyzed as its control pin Datapath_instance/ALU_instance/MOV_MVN_instance/MOV_MVN_result_reg[23]/G is not reached by a timing clock
Related violations: <none>

TIMING-20#125 Warning
Non-clocked latch  
The latch Datapath_instance/ALU_instance/MOV_MVN_instance/MOV_MVN_result_reg[24] cannot be properly analyzed as its control pin Datapath_instance/ALU_instance/MOV_MVN_instance/MOV_MVN_result_reg[24]/G is not reached by a timing clock
Related violations: <none>

TIMING-20#126 Warning
Non-clocked latch  
The latch Datapath_instance/ALU_instance/MOV_MVN_instance/MOV_MVN_result_reg[25] cannot be properly analyzed as its control pin Datapath_instance/ALU_instance/MOV_MVN_instance/MOV_MVN_result_reg[25]/G is not reached by a timing clock
Related violations: <none>

TIMING-20#127 Warning
Non-clocked latch  
The latch Datapath_instance/ALU_instance/MOV_MVN_instance/MOV_MVN_result_reg[26] cannot be properly analyzed as its control pin Datapath_instance/ALU_instance/MOV_MVN_instance/MOV_MVN_result_reg[26]/G is not reached by a timing clock
Related violations: <none>

TIMING-20#128 Warning
Non-clocked latch  
The latch Datapath_instance/ALU_instance/MOV_MVN_instance/MOV_MVN_result_reg[27] cannot be properly analyzed as its control pin Datapath_instance/ALU_instance/MOV_MVN_instance/MOV_MVN_result_reg[27]/G is not reached by a timing clock
Related violations: <none>

TIMING-20#129 Warning
Non-clocked latch  
The latch Datapath_instance/ALU_instance/MOV_MVN_instance/MOV_MVN_result_reg[28] cannot be properly analyzed as its control pin Datapath_instance/ALU_instance/MOV_MVN_instance/MOV_MVN_result_reg[28]/G is not reached by a timing clock
Related violations: <none>

TIMING-20#130 Warning
Non-clocked latch  
The latch Datapath_instance/ALU_instance/MOV_MVN_instance/MOV_MVN_result_reg[29] cannot be properly analyzed as its control pin Datapath_instance/ALU_instance/MOV_MVN_instance/MOV_MVN_result_reg[29]/G is not reached by a timing clock
Related violations: <none>

TIMING-20#131 Warning
Non-clocked latch  
The latch Datapath_instance/ALU_instance/MOV_MVN_instance/MOV_MVN_result_reg[2] cannot be properly analyzed as its control pin Datapath_instance/ALU_instance/MOV_MVN_instance/MOV_MVN_result_reg[2]/G is not reached by a timing clock
Related violations: <none>

TIMING-20#132 Warning
Non-clocked latch  
The latch Datapath_instance/ALU_instance/MOV_MVN_instance/MOV_MVN_result_reg[30] cannot be properly analyzed as its control pin Datapath_instance/ALU_instance/MOV_MVN_instance/MOV_MVN_result_reg[30]/G is not reached by a timing clock
Related violations: <none>

TIMING-20#133 Warning
Non-clocked latch  
The latch Datapath_instance/ALU_instance/MOV_MVN_instance/MOV_MVN_result_reg[31] cannot be properly analyzed as its control pin Datapath_instance/ALU_instance/MOV_MVN_instance/MOV_MVN_result_reg[31]/G is not reached by a timing clock
Related violations: <none>

TIMING-20#134 Warning
Non-clocked latch  
The latch Datapath_instance/ALU_instance/MOV_MVN_instance/MOV_MVN_result_reg[3] cannot be properly analyzed as its control pin Datapath_instance/ALU_instance/MOV_MVN_instance/MOV_MVN_result_reg[3]/G is not reached by a timing clock
Related violations: <none>

TIMING-20#135 Warning
Non-clocked latch  
The latch Datapath_instance/ALU_instance/MOV_MVN_instance/MOV_MVN_result_reg[4] cannot be properly analyzed as its control pin Datapath_instance/ALU_instance/MOV_MVN_instance/MOV_MVN_result_reg[4]/G is not reached by a timing clock
Related violations: <none>

TIMING-20#136 Warning
Non-clocked latch  
The latch Datapath_instance/ALU_instance/MOV_MVN_instance/MOV_MVN_result_reg[5] cannot be properly analyzed as its control pin Datapath_instance/ALU_instance/MOV_MVN_instance/MOV_MVN_result_reg[5]/G is not reached by a timing clock
Related violations: <none>

TIMING-20#137 Warning
Non-clocked latch  
The latch Datapath_instance/ALU_instance/MOV_MVN_instance/MOV_MVN_result_reg[6] cannot be properly analyzed as its control pin Datapath_instance/ALU_instance/MOV_MVN_instance/MOV_MVN_result_reg[6]/G is not reached by a timing clock
Related violations: <none>

TIMING-20#138 Warning
Non-clocked latch  
The latch Datapath_instance/ALU_instance/MOV_MVN_instance/MOV_MVN_result_reg[7] cannot be properly analyzed as its control pin Datapath_instance/ALU_instance/MOV_MVN_instance/MOV_MVN_result_reg[7]/G is not reached by a timing clock
Related violations: <none>

TIMING-20#139 Warning
Non-clocked latch  
The latch Datapath_instance/ALU_instance/MOV_MVN_instance/MOV_MVN_result_reg[8] cannot be properly analyzed as its control pin Datapath_instance/ALU_instance/MOV_MVN_instance/MOV_MVN_result_reg[8]/G is not reached by a timing clock
Related violations: <none>

TIMING-20#140 Warning
Non-clocked latch  
The latch Datapath_instance/ALU_instance/MOV_MVN_instance/MOV_MVN_result_reg[9] cannot be properly analyzed as its control pin Datapath_instance/ALU_instance/MOV_MVN_instance/MOV_MVN_result_reg[9]/G is not reached by a timing clock
Related violations: <none>

TIMING-20#141 Warning
Non-clocked latch  
The latch Datapath_instance/RegFile/RF_internal/RD1_reg[0] cannot be properly analyzed as its control pin Datapath_instance/RegFile/RF_internal/RD1_reg[0]/G is not reached by a timing clock
Related violations: <none>

TIMING-20#142 Warning
Non-clocked latch  
The latch Datapath_instance/RegFile/RF_internal/RD1_reg[10] cannot be properly analyzed as its control pin Datapath_instance/RegFile/RF_internal/RD1_reg[10]/G is not reached by a timing clock
Related violations: <none>

TIMING-20#143 Warning
Non-clocked latch  
The latch Datapath_instance/RegFile/RF_internal/RD1_reg[11] cannot be properly analyzed as its control pin Datapath_instance/RegFile/RF_internal/RD1_reg[11]/G is not reached by a timing clock
Related violations: <none>

TIMING-20#144 Warning
Non-clocked latch  
The latch Datapath_instance/RegFile/RF_internal/RD1_reg[12] cannot be properly analyzed as its control pin Datapath_instance/RegFile/RF_internal/RD1_reg[12]/G is not reached by a timing clock
Related violations: <none>

TIMING-20#145 Warning
Non-clocked latch  
The latch Datapath_instance/RegFile/RF_internal/RD1_reg[13] cannot be properly analyzed as its control pin Datapath_instance/RegFile/RF_internal/RD1_reg[13]/G is not reached by a timing clock
Related violations: <none>

TIMING-20#146 Warning
Non-clocked latch  
The latch Datapath_instance/RegFile/RF_internal/RD1_reg[14] cannot be properly analyzed as its control pin Datapath_instance/RegFile/RF_internal/RD1_reg[14]/G is not reached by a timing clock
Related violations: <none>

TIMING-20#147 Warning
Non-clocked latch  
The latch Datapath_instance/RegFile/RF_internal/RD1_reg[15] cannot be properly analyzed as its control pin Datapath_instance/RegFile/RF_internal/RD1_reg[15]/G is not reached by a timing clock
Related violations: <none>

TIMING-20#148 Warning
Non-clocked latch  
The latch Datapath_instance/RegFile/RF_internal/RD1_reg[16] cannot be properly analyzed as its control pin Datapath_instance/RegFile/RF_internal/RD1_reg[16]/G is not reached by a timing clock
Related violations: <none>

TIMING-20#149 Warning
Non-clocked latch  
The latch Datapath_instance/RegFile/RF_internal/RD1_reg[17] cannot be properly analyzed as its control pin Datapath_instance/RegFile/RF_internal/RD1_reg[17]/G is not reached by a timing clock
Related violations: <none>

TIMING-20#150 Warning
Non-clocked latch  
The latch Datapath_instance/RegFile/RF_internal/RD1_reg[18] cannot be properly analyzed as its control pin Datapath_instance/RegFile/RF_internal/RD1_reg[18]/G is not reached by a timing clock
Related violations: <none>

TIMING-20#151 Warning
Non-clocked latch  
The latch Datapath_instance/RegFile/RF_internal/RD1_reg[19] cannot be properly analyzed as its control pin Datapath_instance/RegFile/RF_internal/RD1_reg[19]/G is not reached by a timing clock
Related violations: <none>

TIMING-20#152 Warning
Non-clocked latch  
The latch Datapath_instance/RegFile/RF_internal/RD1_reg[1] cannot be properly analyzed as its control pin Datapath_instance/RegFile/RF_internal/RD1_reg[1]/G is not reached by a timing clock
Related violations: <none>

TIMING-20#153 Warning
Non-clocked latch  
The latch Datapath_instance/RegFile/RF_internal/RD1_reg[20] cannot be properly analyzed as its control pin Datapath_instance/RegFile/RF_internal/RD1_reg[20]/G is not reached by a timing clock
Related violations: <none>

TIMING-20#154 Warning
Non-clocked latch  
The latch Datapath_instance/RegFile/RF_internal/RD1_reg[21] cannot be properly analyzed as its control pin Datapath_instance/RegFile/RF_internal/RD1_reg[21]/G is not reached by a timing clock
Related violations: <none>

TIMING-20#155 Warning
Non-clocked latch  
The latch Datapath_instance/RegFile/RF_internal/RD1_reg[22] cannot be properly analyzed as its control pin Datapath_instance/RegFile/RF_internal/RD1_reg[22]/G is not reached by a timing clock
Related violations: <none>

TIMING-20#156 Warning
Non-clocked latch  
The latch Datapath_instance/RegFile/RF_internal/RD1_reg[23] cannot be properly analyzed as its control pin Datapath_instance/RegFile/RF_internal/RD1_reg[23]/G is not reached by a timing clock
Related violations: <none>

TIMING-20#157 Warning
Non-clocked latch  
The latch Datapath_instance/RegFile/RF_internal/RD1_reg[24] cannot be properly analyzed as its control pin Datapath_instance/RegFile/RF_internal/RD1_reg[24]/G is not reached by a timing clock
Related violations: <none>

TIMING-20#158 Warning
Non-clocked latch  
The latch Datapath_instance/RegFile/RF_internal/RD1_reg[25] cannot be properly analyzed as its control pin Datapath_instance/RegFile/RF_internal/RD1_reg[25]/G is not reached by a timing clock
Related violations: <none>

TIMING-20#159 Warning
Non-clocked latch  
The latch Datapath_instance/RegFile/RF_internal/RD1_reg[26] cannot be properly analyzed as its control pin Datapath_instance/RegFile/RF_internal/RD1_reg[26]/G is not reached by a timing clock
Related violations: <none>

TIMING-20#160 Warning
Non-clocked latch  
The latch Datapath_instance/RegFile/RF_internal/RD1_reg[27] cannot be properly analyzed as its control pin Datapath_instance/RegFile/RF_internal/RD1_reg[27]/G is not reached by a timing clock
Related violations: <none>

TIMING-20#161 Warning
Non-clocked latch  
The latch Datapath_instance/RegFile/RF_internal/RD1_reg[28] cannot be properly analyzed as its control pin Datapath_instance/RegFile/RF_internal/RD1_reg[28]/G is not reached by a timing clock
Related violations: <none>

TIMING-20#162 Warning
Non-clocked latch  
The latch Datapath_instance/RegFile/RF_internal/RD1_reg[29] cannot be properly analyzed as its control pin Datapath_instance/RegFile/RF_internal/RD1_reg[29]/G is not reached by a timing clock
Related violations: <none>

TIMING-20#163 Warning
Non-clocked latch  
The latch Datapath_instance/RegFile/RF_internal/RD1_reg[2] cannot be properly analyzed as its control pin Datapath_instance/RegFile/RF_internal/RD1_reg[2]/G is not reached by a timing clock
Related violations: <none>

TIMING-20#164 Warning
Non-clocked latch  
The latch Datapath_instance/RegFile/RF_internal/RD1_reg[30] cannot be properly analyzed as its control pin Datapath_instance/RegFile/RF_internal/RD1_reg[30]/G is not reached by a timing clock
Related violations: <none>

TIMING-20#165 Warning
Non-clocked latch  
The latch Datapath_instance/RegFile/RF_internal/RD1_reg[31] cannot be properly analyzed as its control pin Datapath_instance/RegFile/RF_internal/RD1_reg[31]/G is not reached by a timing clock
Related violations: <none>

TIMING-20#166 Warning
Non-clocked latch  
The latch Datapath_instance/RegFile/RF_internal/RD1_reg[3] cannot be properly analyzed as its control pin Datapath_instance/RegFile/RF_internal/RD1_reg[3]/G is not reached by a timing clock
Related violations: <none>

TIMING-20#167 Warning
Non-clocked latch  
The latch Datapath_instance/RegFile/RF_internal/RD1_reg[4] cannot be properly analyzed as its control pin Datapath_instance/RegFile/RF_internal/RD1_reg[4]/G is not reached by a timing clock
Related violations: <none>

TIMING-20#168 Warning
Non-clocked latch  
The latch Datapath_instance/RegFile/RF_internal/RD1_reg[5] cannot be properly analyzed as its control pin Datapath_instance/RegFile/RF_internal/RD1_reg[5]/G is not reached by a timing clock
Related violations: <none>

TIMING-20#169 Warning
Non-clocked latch  
The latch Datapath_instance/RegFile/RF_internal/RD1_reg[6] cannot be properly analyzed as its control pin Datapath_instance/RegFile/RF_internal/RD1_reg[6]/G is not reached by a timing clock
Related violations: <none>

TIMING-20#170 Warning
Non-clocked latch  
The latch Datapath_instance/RegFile/RF_internal/RD1_reg[7] cannot be properly analyzed as its control pin Datapath_instance/RegFile/RF_internal/RD1_reg[7]/G is not reached by a timing clock
Related violations: <none>

TIMING-20#171 Warning
Non-clocked latch  
The latch Datapath_instance/RegFile/RF_internal/RD1_reg[8] cannot be properly analyzed as its control pin Datapath_instance/RegFile/RF_internal/RD1_reg[8]/G is not reached by a timing clock
Related violations: <none>

TIMING-20#172 Warning
Non-clocked latch  
The latch Datapath_instance/RegFile/RF_internal/RD1_reg[9] cannot be properly analyzed as its control pin Datapath_instance/RegFile/RF_internal/RD1_reg[9]/G is not reached by a timing clock
Related violations: <none>

TIMING-20#173 Warning
Non-clocked latch  
The latch Datapath_instance/RegFile/RF_internal/RD2_reg[0] cannot be properly analyzed as its control pin Datapath_instance/RegFile/RF_internal/RD2_reg[0]/G is not reached by a timing clock
Related violations: <none>

TIMING-20#174 Warning
Non-clocked latch  
The latch Datapath_instance/RegFile/RF_internal/RD2_reg[10] cannot be properly analyzed as its control pin Datapath_instance/RegFile/RF_internal/RD2_reg[10]/G is not reached by a timing clock
Related violations: <none>

TIMING-20#175 Warning
Non-clocked latch  
The latch Datapath_instance/RegFile/RF_internal/RD2_reg[11] cannot be properly analyzed as its control pin Datapath_instance/RegFile/RF_internal/RD2_reg[11]/G is not reached by a timing clock
Related violations: <none>

TIMING-20#176 Warning
Non-clocked latch  
The latch Datapath_instance/RegFile/RF_internal/RD2_reg[12] cannot be properly analyzed as its control pin Datapath_instance/RegFile/RF_internal/RD2_reg[12]/G is not reached by a timing clock
Related violations: <none>

TIMING-20#177 Warning
Non-clocked latch  
The latch Datapath_instance/RegFile/RF_internal/RD2_reg[13] cannot be properly analyzed as its control pin Datapath_instance/RegFile/RF_internal/RD2_reg[13]/G is not reached by a timing clock
Related violations: <none>

TIMING-20#178 Warning
Non-clocked latch  
The latch Datapath_instance/RegFile/RF_internal/RD2_reg[14] cannot be properly analyzed as its control pin Datapath_instance/RegFile/RF_internal/RD2_reg[14]/G is not reached by a timing clock
Related violations: <none>

TIMING-20#179 Warning
Non-clocked latch  
The latch Datapath_instance/RegFile/RF_internal/RD2_reg[15] cannot be properly analyzed as its control pin Datapath_instance/RegFile/RF_internal/RD2_reg[15]/G is not reached by a timing clock
Related violations: <none>

TIMING-20#180 Warning
Non-clocked latch  
The latch Datapath_instance/RegFile/RF_internal/RD2_reg[16] cannot be properly analyzed as its control pin Datapath_instance/RegFile/RF_internal/RD2_reg[16]/G is not reached by a timing clock
Related violations: <none>

TIMING-20#181 Warning
Non-clocked latch  
The latch Datapath_instance/RegFile/RF_internal/RD2_reg[17] cannot be properly analyzed as its control pin Datapath_instance/RegFile/RF_internal/RD2_reg[17]/G is not reached by a timing clock
Related violations: <none>

TIMING-20#182 Warning
Non-clocked latch  
The latch Datapath_instance/RegFile/RF_internal/RD2_reg[18] cannot be properly analyzed as its control pin Datapath_instance/RegFile/RF_internal/RD2_reg[18]/G is not reached by a timing clock
Related violations: <none>

TIMING-20#183 Warning
Non-clocked latch  
The latch Datapath_instance/RegFile/RF_internal/RD2_reg[19] cannot be properly analyzed as its control pin Datapath_instance/RegFile/RF_internal/RD2_reg[19]/G is not reached by a timing clock
Related violations: <none>

TIMING-20#184 Warning
Non-clocked latch  
The latch Datapath_instance/RegFile/RF_internal/RD2_reg[1] cannot be properly analyzed as its control pin Datapath_instance/RegFile/RF_internal/RD2_reg[1]/G is not reached by a timing clock
Related violations: <none>

TIMING-20#185 Warning
Non-clocked latch  
The latch Datapath_instance/RegFile/RF_internal/RD2_reg[20] cannot be properly analyzed as its control pin Datapath_instance/RegFile/RF_internal/RD2_reg[20]/G is not reached by a timing clock
Related violations: <none>

TIMING-20#186 Warning
Non-clocked latch  
The latch Datapath_instance/RegFile/RF_internal/RD2_reg[21] cannot be properly analyzed as its control pin Datapath_instance/RegFile/RF_internal/RD2_reg[21]/G is not reached by a timing clock
Related violations: <none>

TIMING-20#187 Warning
Non-clocked latch  
The latch Datapath_instance/RegFile/RF_internal/RD2_reg[22] cannot be properly analyzed as its control pin Datapath_instance/RegFile/RF_internal/RD2_reg[22]/G is not reached by a timing clock
Related violations: <none>

TIMING-20#188 Warning
Non-clocked latch  
The latch Datapath_instance/RegFile/RF_internal/RD2_reg[23] cannot be properly analyzed as its control pin Datapath_instance/RegFile/RF_internal/RD2_reg[23]/G is not reached by a timing clock
Related violations: <none>

TIMING-20#189 Warning
Non-clocked latch  
The latch Datapath_instance/RegFile/RF_internal/RD2_reg[24] cannot be properly analyzed as its control pin Datapath_instance/RegFile/RF_internal/RD2_reg[24]/G is not reached by a timing clock
Related violations: <none>

TIMING-20#190 Warning
Non-clocked latch  
The latch Datapath_instance/RegFile/RF_internal/RD2_reg[25] cannot be properly analyzed as its control pin Datapath_instance/RegFile/RF_internal/RD2_reg[25]/G is not reached by a timing clock
Related violations: <none>

TIMING-20#191 Warning
Non-clocked latch  
The latch Datapath_instance/RegFile/RF_internal/RD2_reg[26] cannot be properly analyzed as its control pin Datapath_instance/RegFile/RF_internal/RD2_reg[26]/G is not reached by a timing clock
Related violations: <none>

TIMING-20#192 Warning
Non-clocked latch  
The latch Datapath_instance/RegFile/RF_internal/RD2_reg[27] cannot be properly analyzed as its control pin Datapath_instance/RegFile/RF_internal/RD2_reg[27]/G is not reached by a timing clock
Related violations: <none>

TIMING-20#193 Warning
Non-clocked latch  
The latch Datapath_instance/RegFile/RF_internal/RD2_reg[28] cannot be properly analyzed as its control pin Datapath_instance/RegFile/RF_internal/RD2_reg[28]/G is not reached by a timing clock
Related violations: <none>

TIMING-20#194 Warning
Non-clocked latch  
The latch Datapath_instance/RegFile/RF_internal/RD2_reg[29] cannot be properly analyzed as its control pin Datapath_instance/RegFile/RF_internal/RD2_reg[29]/G is not reached by a timing clock
Related violations: <none>

TIMING-20#195 Warning
Non-clocked latch  
The latch Datapath_instance/RegFile/RF_internal/RD2_reg[2] cannot be properly analyzed as its control pin Datapath_instance/RegFile/RF_internal/RD2_reg[2]/G is not reached by a timing clock
Related violations: <none>

TIMING-20#196 Warning
Non-clocked latch  
The latch Datapath_instance/RegFile/RF_internal/RD2_reg[30] cannot be properly analyzed as its control pin Datapath_instance/RegFile/RF_internal/RD2_reg[30]/G is not reached by a timing clock
Related violations: <none>

TIMING-20#197 Warning
Non-clocked latch  
The latch Datapath_instance/RegFile/RF_internal/RD2_reg[31] cannot be properly analyzed as its control pin Datapath_instance/RegFile/RF_internal/RD2_reg[31]/G is not reached by a timing clock
Related violations: <none>

TIMING-20#198 Warning
Non-clocked latch  
The latch Datapath_instance/RegFile/RF_internal/RD2_reg[3] cannot be properly analyzed as its control pin Datapath_instance/RegFile/RF_internal/RD2_reg[3]/G is not reached by a timing clock
Related violations: <none>

TIMING-20#199 Warning
Non-clocked latch  
The latch Datapath_instance/RegFile/RF_internal/RD2_reg[4] cannot be properly analyzed as its control pin Datapath_instance/RegFile/RF_internal/RD2_reg[4]/G is not reached by a timing clock
Related violations: <none>

TIMING-20#200 Warning
Non-clocked latch  
The latch Datapath_instance/RegFile/RF_internal/RD2_reg[5] cannot be properly analyzed as its control pin Datapath_instance/RegFile/RF_internal/RD2_reg[5]/G is not reached by a timing clock
Related violations: <none>

TIMING-20#201 Warning
Non-clocked latch  
The latch Datapath_instance/RegFile/RF_internal/RD2_reg[6] cannot be properly analyzed as its control pin Datapath_instance/RegFile/RF_internal/RD2_reg[6]/G is not reached by a timing clock
Related violations: <none>

TIMING-20#202 Warning
Non-clocked latch  
The latch Datapath_instance/RegFile/RF_internal/RD2_reg[7] cannot be properly analyzed as its control pin Datapath_instance/RegFile/RF_internal/RD2_reg[7]/G is not reached by a timing clock
Related violations: <none>

TIMING-20#203 Warning
Non-clocked latch  
The latch Datapath_instance/RegFile/RF_internal/RD2_reg[8] cannot be properly analyzed as its control pin Datapath_instance/RegFile/RF_internal/RD2_reg[8]/G is not reached by a timing clock
Related violations: <none>

TIMING-20#204 Warning
Non-clocked latch  
The latch Datapath_instance/RegFile/RF_internal/RD2_reg[9] cannot be properly analyzed as its control pin Datapath_instance/RegFile/RF_internal/RD2_reg[9]/G is not reached by a timing clock
Related violations: <none>


